2017-01-06 13:40:17,908 Level 2 get_values:get values from table active_vip_user
2017-01-06 13:40:17,909 Level 2 get_values:get values from table add_user_based_product_model_and_city
2017-01-06 13:40:17,912 Level 2 get_values:get values from table app_enter_num_2016
2017-01-06 13:40:17,915 Level 2 get_values:get values from table appstore_install_different_province_num_2016
2017-01-06 13:40:17,916 Level 2 get_values:get values from table appstore_install_num_2016
2017-01-06 13:40:17,917 Level 2 get_values:get values from table appstore_open_num_2016
2017-01-06 13:40:17,919 Level 2 get_values:get values from table bi_group
2017-01-06 13:40:17,919 Level 2 get_values:get values from table bi_group_popedom
2017-01-06 13:40:17,920 Level 2 get_values:get values from table bi_groups_popedoms
2017-01-06 13:40:17,920 Level 2 get_values:get values from table bi_popedom
2017-01-06 13:40:17,921 Level 2 get_values:get values from table bi_popedoms
2017-01-06 13:40:17,921 Level 2 get_values:get values from table bi_role
2017-01-06 13:40:17,921 Level 2 get_values:get values from table bi_role_popedom
2017-01-06 13:40:17,922 Level 2 get_values:get values from table bi_use_statistics
2017-01-06 13:40:17,922 Level 2 get_values:get values from table bi_user
2017-01-06 13:40:17,923 Level 2 get_values:get values from table bi_user_role
2017-01-06 13:40:17,923 Level 2 get_values:get values from table bi_users_popedoms
2017-01-06 13:40:17,924 Level 2 get_values:get values from table bi_users_popedoms_bak
2017-01-06 13:40:17,925 Level 2 get_values:get values from table bulletscreen_program_2016
2017-01-06 13:40:17,928 Level 2 get_values:get values from table df
2017-01-06 13:40:17,940 Level 2 get_values:get values from table helios_dolphin_club_authority
2017-01-06 13:40:17,940 Level 2 get_values:get values from table helios_dolphin_whaley_deliver_order
2017-01-06 13:40:17,943 Level 2 get_values:get values from table hq_jilu_analysis_more_duration
2017-01-06 13:40:17,944 Level 2 get_values:get values from table hq_kid_kmeans
2017-01-06 13:40:17,944 Level 2 get_values:get values from table hq_kids_analysis_duration_more
2017-01-06 13:40:17,945 Level 2 get_values:get values from table hq_kids_analysis_more
2017-01-06 13:40:17,945 Level 2 get_values:get values from table hq_kids_analysis_more_duration
2017-01-06 13:40:17,946 Level 2 get_values:get values from table hq_kids_kmeans
2017-01-06 13:40:17,947 Level 2 get_values:get values from table hq_kids_user_analysis_duration_more
2017-01-06 13:40:17,947 Level 2 get_values:get values from table hq_kids_user_group_analysis_duration_more
2017-01-06 13:40:17,948 Level 2 get_values:get values from table hq_kids_user_group_analysis_duration_more_copy
2017-01-06 13:40:17,948 Level 2 get_values:get values from table hq_kids_user_group_analysis_duration_three
2017-01-06 13:40:17,949 Level 2 get_values:get values from table hq_nonkid_kmeans
2017-01-06 13:40:17,949 Level 2 get_values:get values from table hq_nonkids_analysis_more_duration
2017-01-06 13:40:17,950 Level 2 get_values:get values from table hq_nonkids_user_group_analysis_duration_more
2017-01-06 13:40:17,951 Level 2 get_values:get values from table instant_area
2017-01-06 13:40:17,951 Level 2 get_values:get values from table instant_device
2017-01-06 13:40:17,952 Level 2 get_values:get values from table instant_isp
2017-01-06 13:40:17,952 Level 2 get_values:get values from table instant_total
2017-01-06 13:40:17,953 Level 2 get_values:get values from table instant_version
2017-01-06 13:40:17,953 Level 2 get_values:get values from table is_vip_play_content
2017-01-06 13:40:17,961 Level 2 get_values:get values from table mtv_list
2017-01-06 13:40:17,961 Level 2 get_values:get values from table mtv_list_bak
2017-01-06 13:40:17,962 Level 2 get_values:get values from table mtv_list_copy
2017-01-06 13:40:17,972 Level 2 get_values:get values from table new_adduser_distribution_2016
2017-01-06 13:40:17,973 Level 2 get_values:get values from table non_vip_play_tmp
2017-01-06 13:40:17,974 Level 2 get_values:get values from table off_use_2016
2017-01-06 13:40:17,975 Level 2 get_values:get values from table on_livinguser_distribution_2016
2017-01-06 13:40:17,975 Level 2 get_values:get values from table on_monthstart_2016
2017-01-06 13:40:17,976 Level 2 get_values:get values from table on_ratedistribution_2016
2017-01-06 13:40:17,977 Level 2 get_values:get values from table on_user_2016
2017-01-06 13:40:17,981 Level 2 get_values:get values from table play_distributionhour24_2016
2017-01-06 13:40:17,982 Level 2 get_values:get values from table play_duration
2017-01-06 13:40:17,982 Level 2 get_values:get values from table play_duration_test
2017-01-06 13:40:17,983 Level 2 get_values:get values from table play_program24_2016
2017-01-06 13:40:17,983 Level 2 get_values:get values from table play_program_2016
2017-01-06 13:40:17,984 Level 2 get_values:get values from table play_summary_2016
2017-01-06 13:40:17,990 Level 2 get_values:get values from table searchresult_video_2016
2017-01-06 13:40:17,991 Level 2 get_values:get values from table sn_mobile_tmp
2017-01-06 13:40:17,995 Level 2 get_values:get values from table star_page_view_2016
2017-01-06 13:40:17,998 Level 2 get_values:get values from table temp1
2017-01-06 13:40:17,998 Level 2 get_values:get values from table temp13
2017-01-06 13:40:17,999 Level 2 get_values:get values from table temp_group
2017-01-06 13:40:17,999 Level 2 get_values:get values from table temp_user
2017-01-06 13:40:18,000 Level 2 get_values:get values from table temp_user2
2017-01-06 13:40:18,000 Level 2 get_values:get values from table temp_user3
2017-01-06 13:40:18,000 Level 2 get_values:get values from table temp_user4
2017-01-06 13:40:18,001 Level 2 get_values:get values from table temp_vip_tvzongyi_usernum
2017-01-06 13:40:18,001 Level 2 get_values:get values from table ten_month_play_num
2017-01-06 13:40:18,002 Level 2 get_values:get values from table tencent_play_quality
2017-01-06 13:40:18,003 Level 2 get_values:get values from table total_pv_new
2017-01-06 13:40:18,004 Level 2 get_values:get values from table total_vv_new
2017-01-06 13:40:18,007 Level 2 get_values:get values from table usage_duration_new
2017-01-06 13:40:18,007 Level 2 get_values:get values from table usarrests
2017-01-06 13:40:18,012 Level 2 get_values:get values from table user_trend_month
2017-01-06 13:40:18,013 Level 2 get_values:get values from table user_trend_week
2017-01-06 13:40:18,014 Level 2 get_values:get values from table user_version_upgrade_history
2017-01-06 13:40:18,014 Level 2 get_values:get values from table user_version_upgrade_history_2
2017-01-06 13:40:18,017 Level 2 get_values:get values from table vip_content_avg_play_dur
2017-01-06 13:40:18,017 Level 2 get_values:get values from table vip_content_interview_user_num
2017-01-06 13:40:18,018 Level 2 get_values:get values from table vip_content_play_area_dist
2017-01-06 13:40:18,018 Level 2 get_values:get values from table vip_content_play_user_num
2017-01-06 13:40:18,019 Level 2 get_values:get values from table vip_last_play_tmp
2017-01-06 13:40:18,019 Level 2 get_values:get values from table vip_play_day_tmp
2017-01-06 13:40:18,020 Level 2 get_values:get values from table vip_play_duration_tmp
2017-01-06 13:40:18,020 Level 2 get_values:get values from table vip_play_num_tmp
2017-01-06 13:40:18,021 Level 2 get_values:get values from table vip_play_number_tmp
2017-01-06 13:40:18,024 Level 2 get_values:get values from table voiceuse_use_2016
2017-01-06 13:40:18,034 Level 2 get_values:get values from table whaley_play_statistics
2017-01-06 13:42:08,252 Level 2 get_values:get values from table active_vip_user error,maybe no row!
2017-01-06 13:42:08,253 Level 2 get_values:get values from table add_user_based_product_model_and_city error,maybe no row!
2017-01-06 13:42:08,257 Level 2 get_values:get values from table app_enter_num_2016 error,maybe no row!
2017-01-06 13:42:08,261 Level 2 get_values:get values from table appstore_install_different_province_num_2016 error,maybe no row!
2017-01-06 13:42:08,262 Level 2 get_values:get values from table appstore_install_num_2016 error,maybe no row!
2017-01-06 13:42:08,262 Level 2 get_values:get values from table appstore_open_num_2016 error,maybe no row!
2017-01-06 13:42:08,265 Level 2 get_values:get values from table bi_group error,maybe no row!
2017-01-06 13:42:08,266 Level 2 get_values:get values from table bi_group_popedom error,maybe no row!
2017-01-06 13:42:08,266 Level 2 get_values:get values from table bi_groups_popedoms error,maybe no row!
2017-01-06 13:42:08,267 Level 2 get_values:get values from table bi_popedom error,maybe no row!
2017-01-06 13:42:08,268 Level 2 get_values:get values from table bi_popedoms error,maybe no row!
2017-01-06 13:42:08,268 Level 2 get_values:get values from table bi_role error,maybe no row!
2017-01-06 13:42:08,269 Level 2 get_values:get values from table bi_role_popedom error,maybe no row!
2017-01-06 13:42:08,270 Level 2 get_values:get values from table bi_use_statistics error,maybe no row!
2017-01-06 13:42:08,270 Level 2 get_values:get values from table bi_user error,maybe no row!
2017-01-06 13:42:08,271 Level 2 get_values:get values from table bi_user_role error,maybe no row!
2017-01-06 13:42:08,272 Level 2 get_values:get values from table bi_users_popedoms error,maybe no row!
2017-01-06 13:42:08,272 Level 2 get_values:get values from table bi_users_popedoms_bak error,maybe no row!
2017-01-06 13:42:08,274 Level 2 get_values:get values from table bulletscreen_program_2016 error,maybe no row!
2017-01-06 13:42:08,277 Level 2 get_values:get values from table df error,maybe no row!
2017-01-06 13:42:08,292 Level 2 get_values:get values from table helios_dolphin_club_authority error,maybe no row!
2017-01-06 13:42:08,292 Level 2 get_values:get values from table helios_dolphin_whaley_deliver_order error,maybe no row!
2017-01-06 13:42:08,295 Level 2 get_values:get values from table hq_jilu_analysis_more_duration error,maybe no row!
2017-01-06 13:42:08,296 Level 2 get_values:get values from table hq_kid_kmeans error,maybe no row!
2017-01-06 13:42:08,296 Level 2 get_values:get values from table hq_kids_analysis_duration_more error,maybe no row!
2017-01-06 13:42:08,297 Level 2 get_values:get values from table hq_kids_analysis_more error,maybe no row!
2017-01-06 13:42:08,298 Level 2 get_values:get values from table hq_kids_analysis_more_duration error,maybe no row!
2017-01-06 13:42:08,298 Level 2 get_values:get values from table hq_kids_kmeans error,maybe no row!
2017-01-06 13:42:08,299 Level 2 get_values:get values from table hq_kids_user_analysis_duration_more error,maybe no row!
2017-01-06 13:42:08,299 Level 2 get_values:get values from table hq_kids_user_group_analysis_duration_more error,maybe no row!
2017-01-06 13:42:08,300 Level 2 get_values:get values from table hq_kids_user_group_analysis_duration_more_copy error,maybe no row!
2017-01-06 13:42:08,301 Level 2 get_values:get values from table hq_kids_user_group_analysis_duration_three error,maybe no row!
2017-01-06 13:42:08,301 Level 2 get_values:get values from table hq_nonkid_kmeans error,maybe no row!
2017-01-06 13:42:08,302 Level 2 get_values:get values from table hq_nonkids_analysis_more_duration error,maybe no row!
2017-01-06 13:42:08,303 Level 2 get_values:get values from table hq_nonkids_user_group_analysis_duration_more error,maybe no row!
2017-01-06 13:42:08,304 Level 2 get_values:get values from table instant_area error,maybe no row!
2017-01-06 13:42:08,304 Level 2 get_values:get values from table instant_device error,maybe no row!
2017-01-06 13:42:08,305 Level 2 get_values:get values from table instant_isp error,maybe no row!
2017-01-06 13:42:08,306 Level 2 get_values:get values from table instant_total error,maybe no row!
2017-01-06 13:42:08,306 Level 2 get_values:get values from table instant_version error,maybe no row!
2017-01-06 13:42:08,307 Level 2 get_values:get values from table is_vip_play_content error,maybe no row!
2017-01-06 13:42:08,316 Level 2 get_values:get values from table mtv_list error,maybe no row!
2017-01-06 13:42:08,317 Level 2 get_values:get values from table mtv_list_bak error,maybe no row!
2017-01-06 13:42:08,318 Level 2 get_values:get values from table mtv_list_copy error,maybe no row!
2017-01-06 13:42:08,328 Level 2 get_values:get values from table new_adduser_distribution_2016 error,maybe no row!
2017-01-06 13:42:08,329 Level 2 get_values:get values from table non_vip_play_tmp error,maybe no row!
2017-01-06 13:42:08,330 Level 2 get_values:get values from table off_use_2016 error,maybe no row!
2017-01-06 13:42:08,331 Level 2 get_values:get values from table on_livinguser_distribution_2016 error,maybe no row!
2017-01-06 13:42:08,332 Level 2 get_values:get values from table on_monthstart_2016 error,maybe no row!
2017-01-06 13:42:08,333 Level 2 get_values:get values from table on_ratedistribution_2016 error,maybe no row!
2017-01-06 13:42:08,333 Level 2 get_values:get values from table on_user_2016 error,maybe no row!
2017-01-06 13:42:08,338 Level 2 get_values:get values from table play_distributionhour24_2016 error,maybe no row!
2017-01-06 13:42:08,339 Level 2 get_values:get values from table play_duration error,maybe no row!
2017-01-06 13:42:08,339 Level 2 get_values:get values from table play_duration_test error,maybe no row!
2017-01-06 13:42:08,340 Level 2 get_values:get values from table play_program24_2016 error,maybe no row!
2017-01-06 13:42:08,341 Level 2 get_values:get values from table play_program_2016 error,maybe no row!
2017-01-06 13:42:08,342 Level 2 get_values:get values from table play_summary_2016 error,maybe no row!
2017-01-06 13:42:08,350 Level 2 get_values:get values from table searchresult_video_2016 error,maybe no row!
2017-01-06 13:42:08,352 Level 2 get_values:get values from table sn_mobile_tmp error,maybe no row!
2017-01-06 13:42:08,358 Level 2 get_values:get values from table star_page_view_2016 error,maybe no row!
2017-01-06 13:42:08,361 Level 2 get_values:get values from table temp1 error,maybe no row!
2017-01-06 13:42:08,362 Level 2 get_values:get values from table temp13 error,maybe no row!
2017-01-06 13:42:08,363 Level 2 get_values:get values from table temp_group error,maybe no row!
2017-01-06 13:42:08,363 Level 2 get_values:get values from table temp_user error,maybe no row!
2017-01-06 13:42:08,364 Level 2 get_values:get values from table temp_user2 error,maybe no row!
2017-01-06 13:42:08,364 Level 2 get_values:get values from table temp_user3 error,maybe no row!
2017-01-06 13:42:08,365 Level 2 get_values:get values from table temp_user4 error,maybe no row!
2017-01-06 13:42:08,366 Level 2 get_values:get values from table temp_vip_tvzongyi_usernum error,maybe no row!
2017-01-06 13:42:08,367 Level 2 get_values:get values from table ten_month_play_num error,maybe no row!
2017-01-06 13:42:08,367 Level 2 get_values:get values from table tencent_play_quality error,maybe no row!
2017-01-06 13:42:08,369 Level 2 get_values:get values from table total_pv_new error,maybe no row!
2017-01-06 13:42:08,370 Level 2 get_values:get values from table total_vv_new error,maybe no row!
2017-01-06 13:42:08,373 Level 2 get_values:get values from table usage_duration_new error,maybe no row!
2017-01-06 13:42:08,374 Level 2 get_values:get values from table usarrests error,maybe no row!
2017-01-06 13:42:08,380 Level 2 get_values:get values from table user_trend_month error,maybe no row!
2017-01-06 13:42:08,381 Level 2 get_values:get values from table user_trend_week error,maybe no row!
2017-01-06 13:42:08,381 Level 2 get_values:get values from table user_version_upgrade_history error,maybe no row!
2017-01-06 13:42:08,382 Level 2 get_values:get values from table user_version_upgrade_history_2 error,maybe no row!
2017-01-06 13:42:08,385 Level 2 get_values:get values from table vip_content_avg_play_dur error,maybe no row!
2017-01-06 13:42:08,385 Level 2 get_values:get values from table vip_content_interview_user_num error,maybe no row!
2017-01-06 13:42:08,386 Level 2 get_values:get values from table vip_content_play_area_dist error,maybe no row!
2017-01-06 13:42:08,386 Level 2 get_values:get values from table vip_content_play_user_num error,maybe no row!
2017-01-06 13:42:08,387 Level 2 get_values:get values from table vip_last_play_tmp error,maybe no row!
2017-01-06 13:42:08,388 Level 2 get_values:get values from table vip_play_day_tmp error,maybe no row!
2017-01-06 13:42:08,388 Level 2 get_values:get values from table vip_play_duration_tmp error,maybe no row!
2017-01-06 13:42:08,389 Level 2 get_values:get values from table vip_play_num_tmp error,maybe no row!
2017-01-06 13:42:08,389 Level 2 get_values:get values from table vip_play_number_tmp error,maybe no row!
2017-01-06 13:42:08,394 Level 2 get_values:get values from table voiceuse_use_2016 error,maybe no row!
2017-01-06 13:42:08,407 Level 2 get_values:get values from table whaley_play_statistics error,maybe no row!
2017-01-06 14:20:11,515 Level 2 get_values:get values from table active_vip_user error,maybe no row!
2017-01-06 14:20:11,516 Level 2 get_values:get values from table add_user_based_product_model_and_city error,maybe no row!
2017-01-06 14:20:11,527 Level 2 get_values:get values from table bi_group error,maybe no row!
2017-01-06 14:20:11,528 Level 2 get_values:get values from table bi_group_popedom error,maybe no row!
2017-01-06 14:20:11,529 Level 2 get_values:get values from table bi_groups_popedoms error,maybe no row!
2017-01-06 14:20:11,530 Level 2 get_values:get values from table bi_popedom error,maybe no row!
2017-01-06 14:20:11,530 Level 2 get_values:get values from table bi_popedoms error,maybe no row!
2017-01-06 14:20:11,531 Level 2 get_values:get values from table bi_role error,maybe no row!
2017-01-06 14:20:11,532 Level 2 get_values:get values from table bi_role_popedom error,maybe no row!
2017-01-06 14:20:11,533 Level 2 get_values:get values from table bi_use_statistics error,maybe no row!
2017-01-06 14:20:11,534 Level 2 get_values:get values from table bi_user error,maybe no row!
2017-01-06 14:20:11,534 Level 2 get_values:get values from table bi_user_role error,maybe no row!
2017-01-06 14:20:11,535 Level 2 get_values:get values from table bi_users_popedoms error,maybe no row!
2017-01-06 14:20:11,536 Level 2 get_values:get values from table bi_users_popedoms_bak error,maybe no row!
2017-01-06 14:20:11,538 Level 2 get_values:get values from table bulletscreen_program_2016 error,maybe no row!
2017-01-06 14:20:11,542 Level 2 get_values:get values from table df error,maybe no row!
2017-01-06 14:20:11,557 Level 2 get_values:get values from table helios_dolphin_club_authority error,maybe no row!
2017-01-06 14:20:11,558 Level 2 get_values:get values from table helios_dolphin_whaley_deliver_order error,maybe no row!
2017-01-06 14:20:11,561 Level 2 get_values:get values from table hq_jilu_analysis_more_duration error,maybe no row!
2017-01-06 14:20:11,562 Level 2 get_values:get values from table hq_kid_kmeans error,maybe no row!
2017-01-06 14:20:11,562 Level 2 get_values:get values from table hq_kids_analysis_duration_more error,maybe no row!
2017-01-06 14:20:11,563 Level 2 get_values:get values from table hq_kids_analysis_more error,maybe no row!
2017-01-06 14:20:11,564 Level 2 get_values:get values from table hq_kids_analysis_more_duration error,maybe no row!
2017-01-06 14:20:11,564 Level 2 get_values:get values from table hq_kids_kmeans error,maybe no row!
2017-01-06 14:20:11,565 Level 2 get_values:get values from table hq_kids_user_analysis_duration_more error,maybe no row!
2017-01-06 14:20:11,565 Level 2 get_values:get values from table hq_kids_user_group_analysis_duration_more error,maybe no row!
2017-01-06 14:20:11,566 Level 2 get_values:get values from table hq_kids_user_group_analysis_duration_more_copy error,maybe no row!
2017-01-06 14:20:11,567 Level 2 get_values:get values from table hq_kids_user_group_analysis_duration_three error,maybe no row!
2017-01-06 14:20:11,567 Level 2 get_values:get values from table hq_nonkid_kmeans error,maybe no row!
2017-01-06 14:20:11,568 Level 2 get_values:get values from table hq_nonkids_analysis_more_duration error,maybe no row!
2017-01-06 14:20:11,568 Level 2 get_values:get values from table hq_nonkids_user_group_analysis_duration_more error,maybe no row!
2017-01-06 14:20:11,569 Level 2 get_values:get values from table instant_area error,maybe no row!
2017-01-06 14:20:11,570 Level 2 get_values:get values from table instant_device error,maybe no row!
2017-01-06 14:20:11,570 Level 2 get_values:get values from table instant_isp error,maybe no row!
2017-01-06 14:20:11,571 Level 2 get_values:get values from table instant_total error,maybe no row!
2017-01-06 14:20:11,572 Level 2 get_values:get values from table instant_version error,maybe no row!
2017-01-06 14:20:11,572 Level 2 get_values:get values from table is_vip_play_content error,maybe no row!
2017-01-06 14:20:11,581 Level 2 get_values:get values from table mtv_list error,maybe no row!
2017-01-06 14:20:11,582 Level 2 get_values:get values from table mtv_list_bak error,maybe no row!
2017-01-06 14:20:11,583 Level 2 get_values:get values from table mtv_list_copy error,maybe no row!
2017-01-06 14:20:11,594 Level 2 get_values:get values from table non_vip_play_tmp error,maybe no row!
2017-01-06 14:20:11,594 Level 2 get_values:get values from table off_use_2016 error,maybe no row!
2017-01-06 14:20:11,595 Level 2 get_values:get values from table on_dailyliving_2016 error,maybe no row!
2017-01-06 14:20:11,597 Level 2 get_values:get values from table on_user_2016 error,maybe no row!
2017-01-06 14:20:11,602 Level 2 get_values:get values from table play_duration error,maybe no row!
2017-01-06 14:20:11,603 Level 2 get_values:get values from table play_duration_test error,maybe no row!
2017-01-06 14:20:11,604 Level 2 get_values:get values from table play_program24_2016 error,maybe no row!
2017-01-06 14:20:11,604 Level 2 get_values:get values from table play_program_2016 error,maybe no row!
2017-01-06 14:20:11,605 Level 2 get_values:get values from table play_summary_2016 error,maybe no row!
2017-01-06 14:20:11,613 Level 2 get_values:get values from table searchresult_video_2016 error,maybe no row!
2017-01-06 14:20:11,615 Level 2 get_values:get values from table sn_mobile_tmp error,maybe no row!
2017-01-06 14:20:11,621 Level 2 get_values:get values from table star_page_view_2016 error,maybe no row!
2017-01-06 14:20:11,624 Level 2 get_values:get values from table temp1 error,maybe no row!
2017-01-06 14:20:11,625 Level 2 get_values:get values from table temp13 error,maybe no row!
2017-01-06 14:20:11,626 Level 2 get_values:get values from table temp_group error,maybe no row!
2017-01-06 14:20:11,626 Level 2 get_values:get values from table temp_user error,maybe no row!
2017-01-06 14:20:11,627 Level 2 get_values:get values from table temp_user2 error,maybe no row!
2017-01-06 14:20:11,628 Level 2 get_values:get values from table temp_user3 error,maybe no row!
2017-01-06 14:20:11,628 Level 2 get_values:get values from table temp_user4 error,maybe no row!
2017-01-06 14:20:11,629 Level 2 get_values:get values from table temp_vip_tvzongyi_usernum error,maybe no row!
2017-01-06 14:20:11,629 Level 2 get_values:get values from table ten_month_play_num error,maybe no row!
2017-01-06 14:20:11,630 Level 2 get_values:get values from table tencent_play_quality error,maybe no row!
2017-01-06 14:20:11,632 Level 2 get_values:get values from table total_pv_new error,maybe no row!
2017-01-06 14:20:11,633 Level 2 get_values:get values from table total_vv_new error,maybe no row!
2017-01-06 14:20:11,635 Level 2 get_values:get values from table usage_duration_new error,maybe no row!
2017-01-06 14:20:11,636 Level 2 get_values:get values from table usarrests error,maybe no row!
2017-01-06 14:20:11,641 Level 2 get_values:get values from table user_trend_month error,maybe no row!
2017-01-06 14:20:11,642 Level 2 get_values:get values from table user_trend_week error,maybe no row!
2017-01-06 14:20:11,643 Level 2 get_values:get values from table user_version_upgrade_history error,maybe no row!
2017-01-06 14:20:11,644 Level 2 get_values:get values from table user_version_upgrade_history_2 error,maybe no row!
2017-01-06 14:20:11,646 Level 2 get_values:get values from table vip_content_avg_play_dur error,maybe no row!
2017-01-06 14:20:11,647 Level 2 get_values:get values from table vip_content_interview_user_num error,maybe no row!
2017-01-06 14:20:11,648 Level 2 get_values:get values from table vip_content_play_area_dist error,maybe no row!
2017-01-06 14:20:11,649 Level 2 get_values:get values from table vip_content_play_user_num error,maybe no row!
2017-01-06 14:20:11,649 Level 2 get_values:get values from table vip_last_play_tmp error,maybe no row!
2017-01-06 14:20:11,650 Level 2 get_values:get values from table vip_play_day_tmp error,maybe no row!
2017-01-06 14:20:11,650 Level 2 get_values:get values from table vip_play_duration_tmp error,maybe no row!
2017-01-06 14:20:11,651 Level 2 get_values:get values from table vip_play_num_tmp error,maybe no row!
2017-01-06 14:20:11,651 Level 2 get_values:get values from table vip_play_number_tmp error,maybe no row!
2017-01-06 14:20:11,655 Level 2 get_values:get values from table voiceuse_use_2016 error,maybe no row!
2017-01-06 14:20:11,667 Level 2 get_values:get values from table whaley_play_statistics error,maybe no row!
2017-01-06 20:39:45,141 Level 2 get_values:get values from table active_vip_user error,maybe no row!
2017-01-06 20:39:45,148 Level 2 get_values:get values from table add_user_based_product_model_and_city error,maybe no row!
2017-01-06 20:39:45,171 Level 2 get_values:get values from table bi_group error,maybe no row!
2017-01-06 20:39:45,171 Level 2 get_values:get values from table bi_group_popedom error,maybe no row!
2017-01-06 20:39:45,172 Level 2 get_values:get values from table bi_groups_popedoms error,maybe no row!
2017-01-06 20:39:45,173 Level 2 get_values:get values from table bi_popedom error,maybe no row!
2017-01-06 20:39:45,173 Level 2 get_values:get values from table bi_popedoms error,maybe no row!
2017-01-06 20:39:45,174 Level 2 get_values:get values from table bi_role error,maybe no row!
2017-01-06 20:39:45,175 Level 2 get_values:get values from table bi_role_popedom error,maybe no row!
2017-01-06 20:39:45,175 Level 2 get_values:get values from table bi_use_statistics error,maybe no row!
2017-01-06 20:39:45,176 Level 2 get_values:get values from table bi_user error,maybe no row!
2017-01-06 20:39:45,177 Level 2 get_values:get values from table bi_user_role error,maybe no row!
2017-01-06 20:39:45,178 Level 2 get_values:get values from table bi_users_popedoms error,maybe no row!
2017-01-06 20:39:45,178 Level 2 get_values:get values from table bi_users_popedoms_bak error,maybe no row!
2017-01-06 20:39:45,181 Level 2 get_values:get values from table bulletscreen_program_2016 error,maybe no row!
2017-01-06 20:39:45,185 Level 2 get_values:get values from table df error,maybe no row!
2017-01-06 20:39:45,227 Level 2 get_values:get values from table helios_dolphin_club_authority error,maybe no row!
2017-01-06 20:39:45,227 Level 2 get_values:get values from table helios_dolphin_whaley_deliver_order error,maybe no row!
2017-01-06 20:39:45,233 Level 2 get_values:get values from table hq_jilu_analysis_more_duration error,maybe no row!
2017-01-06 20:39:45,234 Level 2 get_values:get values from table hq_kid_kmeans error,maybe no row!
2017-01-06 20:39:45,235 Level 2 get_values:get values from table hq_kids_analysis_duration_more error,maybe no row!
2017-01-06 20:39:45,235 Level 2 get_values:get values from table hq_kids_analysis_more error,maybe no row!
2017-01-06 20:39:45,236 Level 2 get_values:get values from table hq_kids_analysis_more_duration error,maybe no row!
2017-01-06 20:39:45,237 Level 2 get_values:get values from table hq_kids_kmeans error,maybe no row!
2017-01-06 20:39:45,238 Level 2 get_values:get values from table hq_kids_user_analysis_duration_more error,maybe no row!
2017-01-06 20:39:45,238 Level 2 get_values:get values from table hq_kids_user_group_analysis_duration_more error,maybe no row!
2017-01-06 20:39:45,239 Level 2 get_values:get values from table hq_kids_user_group_analysis_duration_more_copy error,maybe no row!
2017-01-06 20:39:45,240 Level 2 get_values:get values from table hq_kids_user_group_analysis_duration_three error,maybe no row!
2017-01-06 20:39:45,240 Level 2 get_values:get values from table hq_nonkid_kmeans error,maybe no row!
2017-01-06 20:39:45,241 Level 2 get_values:get values from table hq_nonkids_analysis_more_duration error,maybe no row!
2017-01-06 20:39:45,242 Level 2 get_values:get values from table hq_nonkids_user_group_analysis_duration_more error,maybe no row!
2017-01-06 20:39:45,243 Level 2 get_values:get values from table instant_area error,maybe no row!
2017-01-06 20:39:45,243 Level 2 get_values:get values from table instant_device error,maybe no row!
2017-01-06 20:39:45,244 Level 2 get_values:get values from table instant_isp error,maybe no row!
2017-01-06 20:39:45,245 Level 2 get_values:get values from table instant_total error,maybe no row!
2017-01-06 20:39:45,245 Level 2 get_values:get values from table instant_version error,maybe no row!
2017-01-06 20:39:45,246 Level 2 get_values:get values from table is_vip_play_content error,maybe no row!
2017-01-06 20:39:45,266 Level 2 get_values:get values from table mtv_list error,maybe no row!
2017-01-06 20:39:45,267 Level 2 get_values:get values from table mtv_list_bak error,maybe no row!
2017-01-06 20:39:45,268 Level 2 get_values:get values from table mtv_list_copy error,maybe no row!
2017-01-06 20:39:45,395 Level 2 get_values:get values from table non_vip_play_tmp error,maybe no row!
2017-01-06 20:39:45,396 Level 2 get_values:get values from table off_use_2016 error,maybe no row!
2017-01-06 20:39:45,397 Level 2 get_values:get values from table on_dailyliving_2016 error,maybe no row!
2017-01-06 20:39:45,399 Level 2 get_values:get values from table on_user_2016 error,maybe no row!
2017-01-06 20:39:45,406 Level 2 get_values:get values from table play_duration error,maybe no row!
2017-01-06 20:39:45,406 Level 2 get_values:get values from table play_duration_test error,maybe no row!
2017-01-06 20:39:45,407 Level 2 get_values:get values from table play_program24_2016 error,maybe no row!
2017-01-06 20:39:45,408 Level 2 get_values:get values from table play_program_2016 error,maybe no row!
2017-01-06 20:39:45,409 Level 2 get_values:get values from table play_summary_2016 error,maybe no row!
2017-01-06 20:39:45,439 Level 2 get_values:get values from table searchresult_video_2016 error,maybe no row!
2017-01-06 20:39:45,441 Level 2 get_values:get values from table sn_mobile_tmp error,maybe no row!
2017-01-06 20:39:45,455 Level 2 get_values:get values from table star_page_view_2016 error,maybe no row!
2017-01-06 20:39:45,459 Level 2 get_values:get values from table temp1 error,maybe no row!
2017-01-06 20:39:45,460 Level 2 get_values:get values from table temp13 error,maybe no row!
2017-01-06 20:39:45,461 Level 2 get_values:get values from table temp_group error,maybe no row!
2017-01-06 20:39:45,462 Level 2 get_values:get values from table temp_user error,maybe no row!
2017-01-06 20:39:45,462 Level 2 get_values:get values from table temp_user2 error,maybe no row!
2017-01-06 20:39:45,463 Level 2 get_values:get values from table temp_user3 error,maybe no row!
2017-01-06 20:39:45,463 Level 2 get_values:get values from table temp_user4 error,maybe no row!
2017-01-06 20:39:45,464 Level 2 get_values:get values from table temp_vip_tvzongyi_usernum error,maybe no row!
2017-01-06 20:39:45,465 Level 2 get_values:get values from table ten_month_play_num error,maybe no row!
2017-01-06 20:39:45,465 Level 2 get_values:get values from table tencent_play_quality error,maybe no row!
2017-01-06 20:39:45,471 Level 2 get_values:get values from table total_pv_new error,maybe no row!
2017-01-06 20:39:45,473 Level 2 get_values:get values from table total_vv_new error,maybe no row!
2017-01-06 20:39:45,476 Level 2 get_values:get values from table usage_duration_new error,maybe no row!
2017-01-06 20:39:45,477 Level 2 get_values:get values from table usarrests error,maybe no row!
2017-01-06 20:39:45,487 Level 2 get_values:get values from table user_trend_month error,maybe no row!
2017-01-06 20:39:45,488 Level 2 get_values:get values from table user_trend_week error,maybe no row!
2017-01-06 20:39:45,489 Level 2 get_values:get values from table user_version_upgrade_history error,maybe no row!
2017-01-06 20:39:45,489 Level 2 get_values:get values from table user_version_upgrade_history_2 error,maybe no row!
2017-01-06 20:39:45,539 Level 2 get_values:get values from table vip_content_avg_play_dur error,maybe no row!
2017-01-06 20:39:45,539 Level 2 get_values:get values from table vip_content_interview_user_num error,maybe no row!
2017-01-06 20:39:45,540 Level 2 get_values:get values from table vip_content_play_area_dist error,maybe no row!
2017-01-06 20:39:45,541 Level 2 get_values:get values from table vip_content_play_user_num error,maybe no row!
2017-01-06 20:39:45,542 Level 2 get_values:get values from table vip_last_play_tmp error,maybe no row!
2017-01-06 20:39:45,543 Level 2 get_values:get values from table vip_play_day_tmp error,maybe no row!
2017-01-06 20:39:45,543 Level 2 get_values:get values from table vip_play_duration_tmp error,maybe no row!
2017-01-06 20:39:45,544 Level 2 get_values:get values from table vip_play_num_tmp error,maybe no row!
2017-01-06 20:39:45,545 Level 2 get_values:get values from table vip_play_number_tmp error,maybe no row!
2017-01-06 20:39:45,549 Level 2 get_values:get values from table voiceuse_use_2016 error,maybe no row!
2017-01-06 20:39:45,570 Level 2 get_values:get values from table whaley_play_statistics error,maybe no row!
2017-01-06 21:01:42,439 Level 2 get_values:get values from table active_vip_user error,maybe no row!
2017-01-06 21:01:42,440 Level 2 get_values:get values from table add_user_based_product_model_and_city error,maybe no row!
2017-01-06 21:01:42,451 Level 2 get_values:get values from table bi_group error,maybe no row!
2017-01-06 21:01:42,451 Level 2 get_values:get values from table bi_group_popedom error,maybe no row!
2017-01-06 21:01:42,452 Level 2 get_values:get values from table bi_groups_popedoms error,maybe no row!
2017-01-06 21:01:42,453 Level 2 get_values:get values from table bi_popedom error,maybe no row!
2017-01-06 21:01:42,453 Level 2 get_values:get values from table bi_popedoms error,maybe no row!
2017-01-06 21:01:42,454 Level 2 get_values:get values from table bi_role error,maybe no row!
2017-01-06 21:01:42,455 Level 2 get_values:get values from table bi_role_popedom error,maybe no row!
2017-01-06 21:01:42,455 Level 2 get_values:get values from table bi_use_statistics error,maybe no row!
2017-01-06 21:01:42,456 Level 2 get_values:get values from table bi_user error,maybe no row!
2017-01-06 21:01:42,456 Level 2 get_values:get values from table bi_user_role error,maybe no row!
2017-01-06 21:01:42,457 Level 2 get_values:get values from table bi_users_popedoms error,maybe no row!
2017-01-06 21:01:42,458 Level 2 get_values:get values from table bi_users_popedoms_bak error,maybe no row!
2017-01-06 21:01:42,460 Level 2 get_values:get values from table bulletscreen_program_2016 error,maybe no row!
2017-01-06 21:01:42,464 Level 2 get_values:get values from table df error,maybe no row!
2017-01-06 21:01:42,481 Level 2 get_values:get values from table helios_dolphin_club_authority error,maybe no row!
2017-01-06 21:01:42,481 Level 2 get_values:get values from table helios_dolphin_whaley_deliver_order error,maybe no row!
2017-01-06 21:01:42,485 Level 2 get_values:get values from table hq_jilu_analysis_more_duration error,maybe no row!
2017-01-06 21:01:42,486 Level 2 get_values:get values from table hq_kid_kmeans error,maybe no row!
2017-01-06 21:01:42,486 Level 2 get_values:get values from table hq_kids_analysis_duration_more error,maybe no row!
2017-01-06 21:01:42,487 Level 2 get_values:get values from table hq_kids_analysis_more error,maybe no row!
2017-01-06 21:01:42,488 Level 2 get_values:get values from table hq_kids_analysis_more_duration error,maybe no row!
2017-01-06 21:01:42,488 Level 2 get_values:get values from table hq_kids_kmeans error,maybe no row!
2017-01-06 21:01:42,489 Level 2 get_values:get values from table hq_kids_user_analysis_duration_more error,maybe no row!
2017-01-06 21:01:42,489 Level 2 get_values:get values from table hq_kids_user_group_analysis_duration_more error,maybe no row!
2017-01-06 21:01:42,490 Level 2 get_values:get values from table hq_kids_user_group_analysis_duration_more_copy error,maybe no row!
2017-01-06 21:01:42,491 Level 2 get_values:get values from table hq_kids_user_group_analysis_duration_three error,maybe no row!
2017-01-06 21:01:42,492 Level 2 get_values:get values from table hq_nonkid_kmeans error,maybe no row!
2017-01-06 21:01:42,492 Level 2 get_values:get values from table hq_nonkids_analysis_more_duration error,maybe no row!
2017-01-06 21:01:42,493 Level 2 get_values:get values from table hq_nonkids_user_group_analysis_duration_more error,maybe no row!
2017-01-06 21:01:42,494 Level 2 get_values:get values from table instant_area error,maybe no row!
2017-01-06 21:01:42,495 Level 2 get_values:get values from table instant_device error,maybe no row!
2017-01-06 21:01:42,495 Level 2 get_values:get values from table instant_isp error,maybe no row!
2017-01-06 21:01:42,496 Level 2 get_values:get values from table instant_total error,maybe no row!
2017-01-06 21:01:42,497 Level 2 get_values:get values from table instant_version error,maybe no row!
2017-01-06 21:01:42,497 Level 2 get_values:get values from table is_vip_play_content error,maybe no row!
2017-01-06 21:01:42,510 Level 2 get_values:get values from table mtv_list error,maybe no row!
2017-01-06 21:01:42,510 Level 2 get_values:get values from table mtv_list_bak error,maybe no row!
2017-01-06 21:01:42,511 Level 2 get_values:get values from table mtv_list_copy error,maybe no row!
2017-01-06 21:01:42,528 Level 2 get_values:get values from table non_vip_play_tmp error,maybe no row!
2017-01-06 21:01:42,529 Level 2 get_values:get values from table off_use_2016 error,maybe no row!
2017-01-06 21:01:42,530 Level 2 get_values:get values from table on_dailyliving_2016 error,maybe no row!
2017-01-06 21:01:42,531 Level 2 get_values:get values from table on_user_2016 error,maybe no row!
2017-01-06 21:01:42,538 Level 2 get_values:get values from table play_duration error,maybe no row!
2017-01-06 21:01:42,539 Level 2 get_values:get values from table play_duration_test error,maybe no row!
2017-01-06 21:01:42,540 Level 2 get_values:get values from table play_program24_2016 error,maybe no row!
2017-01-06 21:01:42,541 Level 2 get_values:get values from table play_program_2016 error,maybe no row!
2017-01-06 21:01:42,542 Level 2 get_values:get values from table play_summary_2016 error,maybe no row!
2017-01-06 21:01:42,552 Level 2 get_values:get values from table searchresult_video_2016 error,maybe no row!
2017-01-06 21:01:42,555 Level 2 get_values:get values from table sn_mobile_tmp error,maybe no row!
2017-01-06 21:01:42,561 Level 2 get_values:get values from table star_page_view_2016 error,maybe no row!
2017-01-06 21:01:42,565 Level 2 get_values:get values from table temp1 error,maybe no row!
2017-01-06 21:01:42,566 Level 2 get_values:get values from table temp13 error,maybe no row!
2017-01-06 21:01:42,567 Level 2 get_values:get values from table temp_group error,maybe no row!
2017-01-06 21:01:42,567 Level 2 get_values:get values from table temp_user error,maybe no row!
2017-01-06 21:01:42,568 Level 2 get_values:get values from table temp_user2 error,maybe no row!
2017-01-06 21:01:42,569 Level 2 get_values:get values from table temp_user3 error,maybe no row!
2017-01-06 21:01:42,569 Level 2 get_values:get values from table temp_user4 error,maybe no row!
2017-01-06 21:01:42,570 Level 2 get_values:get values from table temp_vip_tvzongyi_usernum error,maybe no row!
2017-01-06 21:01:42,570 Level 2 get_values:get values from table ten_month_play_num error,maybe no row!
2017-01-06 21:01:42,571 Level 2 get_values:get values from table tencent_play_quality error,maybe no row!
2017-01-06 21:01:42,574 Level 2 get_values:get values from table total_pv_new error,maybe no row!
2017-01-06 21:01:42,575 Level 2 get_values:get values from table total_vv_new error,maybe no row!
2017-01-06 21:01:42,578 Level 2 get_values:get values from table usage_duration_new error,maybe no row!
2017-01-06 21:01:42,579 Level 2 get_values:get values from table usarrests error,maybe no row!
2017-01-06 21:01:42,585 Level 2 get_values:get values from table user_trend_month error,maybe no row!
2017-01-06 21:01:42,586 Level 2 get_values:get values from table user_trend_week error,maybe no row!
2017-01-06 21:01:42,587 Level 2 get_values:get values from table user_version_upgrade_history error,maybe no row!
2017-01-06 21:01:42,587 Level 2 get_values:get values from table user_version_upgrade_history_2 error,maybe no row!
2017-01-06 21:01:42,590 Level 2 get_values:get values from table vip_content_avg_play_dur error,maybe no row!
2017-01-06 21:01:42,591 Level 2 get_values:get values from table vip_content_interview_user_num error,maybe no row!
2017-01-06 21:01:42,591 Level 2 get_values:get values from table vip_content_play_area_dist error,maybe no row!
2017-01-06 21:01:42,592 Level 2 get_values:get values from table vip_content_play_user_num error,maybe no row!
2017-01-06 21:01:42,593 Level 2 get_values:get values from table vip_last_play_tmp error,maybe no row!
2017-01-06 21:01:42,593 Level 2 get_values:get values from table vip_play_day_tmp error,maybe no row!
2017-01-06 21:01:42,594 Level 2 get_values:get values from table vip_play_duration_tmp error,maybe no row!
2017-01-06 21:01:42,594 Level 2 get_values:get values from table vip_play_num_tmp error,maybe no row!
2017-01-06 21:01:42,595 Level 2 get_values:get values from table vip_play_number_tmp error,maybe no row!
2017-01-06 21:01:42,601 Level 2 get_values:get values from table voiceuse_use_2016 error,maybe no row!
2017-01-06 21:01:42,617 Level 2 get_values:get values from table whaley_play_statistics error,maybe no row!
2017-01-06 21:41:40,776 Level 2 get_values:get values from table active_vip_user error,maybe no row!
2017-01-06 21:41:40,777 Level 2 get_values:get values from table add_user_based_product_model_and_city error,maybe no row!
2017-01-06 21:41:40,786 Level 2 get_values:get values from table bi_group error,maybe no row!
2017-01-06 21:41:40,786 Level 2 get_values:get values from table bi_group_popedom error,maybe no row!
2017-01-06 21:41:40,787 Level 2 get_values:get values from table bi_groups_popedoms error,maybe no row!
2017-01-06 21:41:40,787 Level 2 get_values:get values from table bi_popedom error,maybe no row!
2017-01-06 21:41:40,788 Level 2 get_values:get values from table bi_popedoms error,maybe no row!
2017-01-06 21:41:40,788 Level 2 get_values:get values from table bi_role error,maybe no row!
2017-01-06 21:41:40,789 Level 2 get_values:get values from table bi_role_popedom error,maybe no row!
2017-01-06 21:41:40,789 Level 2 get_values:get values from table bi_use_statistics error,maybe no row!
2017-01-06 21:41:40,790 Level 2 get_values:get values from table bi_user error,maybe no row!
2017-01-06 21:41:40,790 Level 2 get_values:get values from table bi_user_role error,maybe no row!
2017-01-06 21:41:40,791 Level 2 get_values:get values from table bi_users_popedoms error,maybe no row!
2017-01-06 21:41:40,792 Level 2 get_values:get values from table bi_users_popedoms_bak error,maybe no row!
2017-01-06 21:41:40,793 Level 2 get_values:get values from table bulletscreen_program_2016 error,maybe no row!
2017-01-06 21:41:40,796 Level 2 get_values:get values from table df error,maybe no row!
2017-01-06 21:41:40,809 Level 2 get_values:get values from table helios_dolphin_club_authority error,maybe no row!
2017-01-06 21:41:40,809 Level 2 get_values:get values from table helios_dolphin_whaley_deliver_order error,maybe no row!
2017-01-06 21:41:40,812 Level 2 get_values:get values from table hq_jilu_analysis_more_duration error,maybe no row!
2017-01-06 21:41:40,813 Level 2 get_values:get values from table hq_kid_kmeans error,maybe no row!
2017-01-06 21:41:40,813 Level 2 get_values:get values from table hq_kids_analysis_duration_more error,maybe no row!
2017-01-06 21:41:40,814 Level 2 get_values:get values from table hq_kids_analysis_more error,maybe no row!
2017-01-06 21:41:40,814 Level 2 get_values:get values from table hq_kids_analysis_more_duration error,maybe no row!
2017-01-06 21:41:40,815 Level 2 get_values:get values from table hq_kids_kmeans error,maybe no row!
2017-01-06 21:41:40,815 Level 2 get_values:get values from table hq_kids_user_analysis_duration_more error,maybe no row!
2017-01-06 21:41:40,816 Level 2 get_values:get values from table hq_kids_user_group_analysis_duration_more error,maybe no row!
2017-01-06 21:41:40,816 Level 2 get_values:get values from table hq_kids_user_group_analysis_duration_more_copy error,maybe no row!
2017-01-06 21:41:40,817 Level 2 get_values:get values from table hq_kids_user_group_analysis_duration_three error,maybe no row!
2017-01-06 21:41:40,817 Level 2 get_values:get values from table hq_nonkid_kmeans error,maybe no row!
2017-01-06 21:41:40,818 Level 2 get_values:get values from table hq_nonkids_analysis_more_duration error,maybe no row!
2017-01-06 21:41:40,818 Level 2 get_values:get values from table hq_nonkids_user_group_analysis_duration_more error,maybe no row!
2017-01-06 21:41:40,819 Level 2 get_values:get values from table instant_area error,maybe no row!
2017-01-06 21:41:40,819 Level 2 get_values:get values from table instant_device error,maybe no row!
2017-01-06 21:41:40,820 Level 2 get_values:get values from table instant_isp error,maybe no row!
2017-01-06 21:41:40,820 Level 2 get_values:get values from table instant_total error,maybe no row!
2017-01-06 21:41:40,821 Level 2 get_values:get values from table instant_version error,maybe no row!
2017-01-06 21:41:40,822 Level 2 get_values:get values from table is_vip_play_content error,maybe no row!
2017-01-06 21:41:40,830 Level 2 get_values:get values from table mtv_list error,maybe no row!
2017-01-06 21:41:40,831 Level 2 get_values:get values from table mtv_list_bak error,maybe no row!
2017-01-06 21:41:40,831 Level 2 get_values:get values from table mtv_list_copy error,maybe no row!
2017-01-06 21:41:40,840 Level 2 get_values:get values from table non_vip_play_tmp error,maybe no row!
2017-01-06 21:41:40,840 Level 2 get_values:get values from table off_use_2016 error,maybe no row!
2017-01-06 21:41:40,841 Level 2 get_values:get values from table on_dailyliving_2016 error,maybe no row!
2017-01-06 21:41:40,843 Level 2 get_values:get values from table on_user_2016 error,maybe no row!
2017-01-06 21:41:40,847 Level 2 get_values:get values from table play_duration error,maybe no row!
2017-01-06 21:41:40,847 Level 2 get_values:get values from table play_duration_test error,maybe no row!
2017-01-06 21:41:40,848 Level 2 get_values:get values from table play_program24_2016 error,maybe no row!
2017-01-06 21:41:40,849 Level 2 get_values:get values from table play_program_2016 error,maybe no row!
2017-01-06 21:41:40,849 Level 2 get_values:get values from table play_summary_2016 error,maybe no row!
2017-01-06 21:41:40,856 Level 2 get_values:get values from table searchresult_video_2016 error,maybe no row!
2017-01-06 21:41:40,857 Level 2 get_values:get values from table sn_mobile_tmp error,maybe no row!
2017-01-06 21:41:40,862 Level 2 get_values:get values from table star_page_view_2016 error,maybe no row!
2017-01-06 21:41:40,865 Level 2 get_values:get values from table temp1 error,maybe no row!
2017-01-06 21:41:40,865 Level 2 get_values:get values from table temp13 error,maybe no row!
2017-01-06 21:41:40,866 Level 2 get_values:get values from table temp_group error,maybe no row!
2017-01-06 21:41:40,866 Level 2 get_values:get values from table temp_user error,maybe no row!
2017-01-06 21:41:40,866 Level 2 get_values:get values from table temp_user2 error,maybe no row!
2017-01-06 21:41:40,867 Level 2 get_values:get values from table temp_user3 error,maybe no row!
2017-01-06 21:41:40,867 Level 2 get_values:get values from table temp_user4 error,maybe no row!
2017-01-06 21:41:40,868 Level 2 get_values:get values from table temp_vip_tvzongyi_usernum error,maybe no row!
2017-01-06 21:41:40,868 Level 2 get_values:get values from table ten_month_play_num error,maybe no row!
2017-01-06 21:41:40,868 Level 2 get_values:get values from table tencent_play_quality error,maybe no row!
2017-01-06 21:41:40,870 Level 2 get_values:get values from table total_pv_new error,maybe no row!
2017-01-06 21:41:40,871 Level 2 get_values:get values from table total_vv_new error,maybe no row!
2017-01-06 21:41:40,873 Level 2 get_values:get values from table usage_duration_new error,maybe no row!
2017-01-06 21:41:40,874 Level 2 get_values:get values from table usarrests error,maybe no row!
2017-01-06 21:41:40,878 Level 2 get_values:get values from table user_trend_month error,maybe no row!
2017-01-06 21:41:40,878 Level 2 get_values:get values from table user_trend_week error,maybe no row!
2017-01-06 21:41:40,879 Level 2 get_values:get values from table user_version_upgrade_history error,maybe no row!
2017-01-06 21:41:40,879 Level 2 get_values:get values from table user_version_upgrade_history_2 error,maybe no row!
2017-01-06 21:41:40,882 Level 2 get_values:get values from table vip_content_avg_play_dur error,maybe no row!
2017-01-06 21:41:40,882 Level 2 get_values:get values from table vip_content_interview_user_num error,maybe no row!
2017-01-06 21:41:40,882 Level 2 get_values:get values from table vip_content_play_area_dist error,maybe no row!
2017-01-06 21:41:40,883 Level 2 get_values:get values from table vip_content_play_user_num error,maybe no row!
2017-01-06 21:41:40,883 Level 2 get_values:get values from table vip_last_play_tmp error,maybe no row!
2017-01-06 21:41:40,884 Level 2 get_values:get values from table vip_play_day_tmp error,maybe no row!
2017-01-06 21:41:40,884 Level 2 get_values:get values from table vip_play_duration_tmp error,maybe no row!
2017-01-06 21:41:40,884 Level 2 get_values:get values from table vip_play_num_tmp error,maybe no row!
2017-01-06 21:41:40,885 Level 2 get_values:get values from table vip_play_number_tmp error,maybe no row!
2017-01-06 21:41:40,888 Level 2 get_values:get values from table voiceuse_use_2016 error,maybe no row!
2017-01-06 21:41:40,899 Level 2 get_values:get values from table whaley_play_statistics error,maybe no row!
